TN:
SF:script/SecureSetup.s.sol
DA:10,4
FN:10,SecureSetup.run
FNDA:4,SecureSetup.run
DA:11,4
DA:13,4
DA:14,4
DA:16,4
DA:17,4
DA:18,4
DA:21,4
FN:21,SecureSetup.resolveRpcUrl
FNDA:4,SecureSetup.resolveRpcUrl
DA:25,4
DA:28,5
FN:28,SecureSetup._resolveConfig
FNDA:5,SecureSetup._resolveConfig
DA:32,5
DA:33,5
DA:35,5
BRDA:35,0,0,1
DA:36,1
DA:39,4
DA:42,6
FN:42,SecureSetup._tryResolveRpcUrl
FNDA:6,SecureSetup._tryResolveRpcUrl
DA:46,6
BRDA:46,1,0,2
DA:47,2
DA:50,4
BRDA:50,2,0,4
DA:51,3
DA:52,1
BRDA:52,2,1,1
DA:53,1
DA:57,4
FN:57,SecureSetup._printSummary
FNDA:4,SecureSetup._printSummary
DA:62,4
DA:63,4
DA:64,4
DA:65,4
DA:66,4
DA:67,4
DA:68,4
DA:69,4
DA:70,4
DA:72,2
BRDA:72,3,0,2
BRDA:72,3,1,1
DA:73,2
DA:74,2
BRDA:74,4,0,1
BRDA:74,4,1,1
DA:75,1
DA:77,1
DA:80,4
DA:81,4
DA:84,4
FN:84,SecureSetup._printConfirmationRequirement
FNDA:4,SecureSetup._printConfirmationRequirement
DA:88,4
DA:90,1
BRDA:90,5,0,1
DA:91,1
DA:92,1
DA:95,3
BRDA:95,6,0,-
DA:96,0
DA:97,0
DA:100,3
DA:103,4
FN:103,SecureSetup._printBalanceStatus
FNDA:4,SecureSetup._printBalanceStatus
DA:107,4
DA:109,1
BRDA:109,7,0,1
DA:110,1
DA:111,1
DA:114,3
BRDA:114,8,0,-
DA:115,0
DA:116,0
DA:119,3
DA:122,5
FN:122,SecureSetup._isMainnet
FNDA:5,SecureSetup._isMainnet
DA:127,5
DA:130,1
FN:130,SecureSetup._newDeployConfig
FNDA:1,SecureSetup._newDeployConfig
DA:131,1
DA:134,1
FN:134,SecureSetup._networkEnv
FNDA:1,SecureSetup._networkEnv
DA:135,1
DA:138,1
FN:138,SecureSetup._resolveEnv
FNDA:1,SecureSetup._resolveEnv
DA:143,1
FNF:11
FNH:11
LF:65
LH:61
BRF:12
BRH:10
end_of_record
TN:
SF:src/DeployConfig.sol
DA:48,12
FN:48,DeployConfig.getNetworkConfig
FNDA:12,DeployConfig.getNetworkConfig
DA:54,15
DA:56,15
DA:59,15
BRDA:59,0,0,3
DA:60,3
DA:61,3
DA:62,3
DA:63,3
DA:64,3
DA:68,12
DA:69,12
DA:70,12
DA:71,12
DA:75,4
FN:75,DeployConfig.getConfig
FNDA:4,DeployConfig.getConfig
DA:76,4
DA:77,3
DA:84,15
FN:84,DeployConfig._readKeystoreName
FNDA:15,DeployConfig._readKeystoreName
DA:89,15
DA:90,15
DA:92,15
BRDA:92,1,0,15
DA:93,14
BRDA:93,2,0,1
DA:94,1
DA:96,13
DA:97,1
BRDA:97,1,1,1
DA:98,1
DA:102,15
FN:102,DeployConfig._readDeployerAddress
FNDA:15,DeployConfig._readDeployerAddress
DA:107,15
DA:108,15
DA:110,15
BRDA:110,3,0,15
DA:111,14
BRDA:111,4,0,1
DA:112,1
DA:114,13
DA:115,1
BRDA:115,3,1,1
DA:116,1
DA:120,15
FN:120,DeployConfig._readRpcUrl
FNDA:15,DeployConfig._readRpcUrl
DA:125,15
DA:126,15
DA:128,15
BRDA:128,5,0,15
DA:129,13
BRDA:129,6,0,1
DA:130,1
DA:132,12
DA:133,2
BRDA:133,5,1,2
DA:134,2
DA:142,17
FN:142,DeployConfig._assertDeployTomlExists
FNDA:17,DeployConfig._assertDeployTomlExists
DA:143,17
BRDA:143,7,0,17
DA:144,16
BRDA:144,8,0,1
DA:145,1
DA:147,1
BRDA:147,7,1,1
DA:148,1
DA:152,1
FN:152,DeployConfig._deployTomlPath
FNDA:1,DeployConfig._deployTomlPath
DA:153,1
DA:156,17
FN:156,DeployConfig._isLocal
FNDA:17,DeployConfig._isLocal
DA:161,17
DA:164,12
FN:164,DeployConfig._chainIdToNetwork
FNDA:12,DeployConfig._chainIdToNetwork
DA:169,12
BRDA:169,9,0,1
DA:170,11
BRDA:170,10,0,4
DA:171,7
BRDA:171,11,0,1
DA:172,6
BRDA:172,12,0,1
DA:173,5
BRDA:173,13,0,1
DA:174,4
BRDA:174,14,0,1
DA:175,3
BRDA:175,15,0,1
DA:176,2
FNF:9
FNH:9
LF:62
LH:62
BRF:20
BRH:20
end_of_record
TN:
SF:src/SecureDeploy.sol
DA:45,7
FN:45,SecureDeploy.startSecureBroadcast
FNDA:7,SecureDeploy.startSecureBroadcast
DA:47,7
DA:50,7
DA:53,6
DA:56,6
DA:59,6
DA:62,5
DA:65,3
DA:67,3
DA:71,3
FN:71,SecureDeploy.stopSecureBroadcast
FNDA:3,SecureDeploy.stopSecureBroadcast
DA:72,3
DA:73,3
DA:74,3
DA:75,3
DA:76,3
DA:77,3
DA:78,3
DA:79,3
DA:83,3
FN:83,SecureDeploy.getDeployer
FNDA:3,SecureDeploy.getDeployer
DA:84,3
DA:88,3
FN:88,SecureDeploy.getNetwork
FNDA:3,SecureDeploy.getNetwork
DA:89,3
DA:93,2
FN:93,SecureDeploy.getConfig
FNDA:2,SecureDeploy.getConfig
DA:94,2
DA:101,7
FN:101,SecureDeploy._resolveNetwork
FNDA:7,SecureDeploy._resolveNetwork
DA:108,7
DA:111,7
BRDA:111,0,0,2
DA:112,2
DA:120,6
FN:120,SecureDeploy._checkBalance
FNDA:6,SecureDeploy._checkBalance
DA:122,6
BRDA:122,1,0,6
DA:124,5
DA:125,5
DA:127,5
BRDA:127,2,0,1
DA:128,1
DA:140,6
FN:140,SecureDeploy._printSummary
FNDA:6,SecureDeploy._printSummary
DA:141,6
DA:142,6
DA:143,6
DA:144,6
DA:145,6
DA:146,6
DA:147,6
DA:148,6
DA:149,6
DA:150,6
DA:157,5
FN:157,SecureDeploy._confirm
FNDA:5,SecureDeploy._confirm
DA:159,1
BRDA:159,3,0,1
DA:160,1
DA:161,1
DA:165,4
BRDA:165,4,0,2
DA:166,2
DA:167,2
DA:168,2
DA:169,2
DA:170,2
DA:172,2
DA:175,2
DA:176,2
DA:177,1
BRDA:177,5,0,1
DA:178,1
DA:181,1
DA:185,2
DA:186,2
DA:188,2
DA:190,2
BRDA:190,6,0,1
DA:191,1
DA:199,6
FN:199,SecureDeploy._isMainnet
FNDA:6,SecureDeploy._isMainnet
DA:204,6
DA:207,1
FN:207,SecureDeploy._newDeployConfig
FNDA:1,SecureDeploy._newDeployConfig
DA:208,1
DA:211,1
FN:211,SecureDeploy._networkEnv
FNDA:1,SecureDeploy._networkEnv
DA:212,1
DA:215,1
FN:215,SecureDeploy._confirmEnv
FNDA:1,SecureDeploy._confirmEnv
DA:216,1
FNF:13
FNH:13
LF:74
LH:74
BRF:7
BRH:7
end_of_record
TN:
SF:test/DeployConfig.t.sol
DA:10,17
FN:10,DeployConfigHarness.constructor
FNDA:17,DeployConfigHarness.constructor
DA:11,17
DA:14,3
FN:14,DeployConfigHarness.exposedReadKeystoreName
FNDA:3,DeployConfigHarness.exposedReadKeystoreName
DA:19,3
DA:22,3
FN:22,DeployConfigHarness.exposedReadDeployerAddress
FNDA:3,DeployConfigHarness.exposedReadDeployerAddress
DA:27,3
DA:30,3
FN:30,DeployConfigHarness.exposedReadRpcUrl
FNDA:3,DeployConfigHarness.exposedReadRpcUrl
DA:35,3
DA:38,2
FN:38,DeployConfigHarness.exposedAssertDeployTomlExists
FNDA:2,DeployConfigHarness.exposedAssertDeployTomlExists
DA:39,2
DA:42,2
FN:42,DeployConfigHarness.exposedIsLocal
FNDA:2,DeployConfigHarness.exposedIsLocal
DA:47,2
DA:50,8
FN:50,DeployConfigHarness.exposedChainIdToNetwork
FNDA:8,DeployConfigHarness.exposedChainIdToNetwork
DA:55,8
DA:58,20
FN:58,DeployConfigHarness._deployTomlPath
FNDA:20,DeployConfigHarness._deployTomlPath
DA:59,20
DA:64,1
FN:64,DeployConfigDefaultPathHarness.exposedDeployTomlPath
FNDA:1,DeployConfigDefaultPathHarness.exposedDeployTomlPath
DA:65,1
FNF:9
FNH:9
LF:18
LH:18
BRF:0
BRH:0
end_of_record
TN:
SF:test/SecureDeploy.t.sol
DA:11,7
FN:11,SecureDeployConfigFixture.constructor.0
FNDA:7,SecureDeployConfigFixture.constructor.0
DA:12,7
DA:15,25
FN:15,SecureDeployConfigFixture._deployTomlPath
FNDA:25,SecureDeployConfigFixture._deployTomlPath
DA:16,25
DA:25,8
FN:25,SecureDeployHarness.constructor.1
FNDA:8,SecureDeployHarness.constructor.1
DA:30,8
DA:31,8
DA:32,8
DA:35,7
FN:35,SecureDeployHarness.exposedStart
FNDA:7,SecureDeployHarness.exposedStart
DA:36,7
DA:39,3
FN:39,SecureDeployHarness.exposedStop
FNDA:3,SecureDeployHarness.exposedStop
DA:40,3
DA:43,3
FN:43,SecureDeployHarness.exposedGetDeployer
FNDA:3,SecureDeployHarness.exposedGetDeployer
DA:44,3
DA:47,3
FN:47,SecureDeployHarness.exposedGetNetwork
FNDA:3,SecureDeployHarness.exposedGetNetwork
DA:48,3
DA:51,2
FN:51,SecureDeployHarness.exposedGetConfig
FNDA:2,SecureDeployHarness.exposedGetConfig
DA:56,2
DA:59,2
FN:59,SecureDeployHarness.exposedIsMainnet
FNDA:2,SecureDeployHarness.exposedIsMainnet
DA:64,2
DA:67,7
FN:67,SecureDeployHarness._newDeployConfig
FNDA:7,SecureDeployHarness._newDeployConfig
DA:68,7
DA:71,7
FN:71,SecureDeployHarness._networkEnv
FNDA:7,SecureDeployHarness._networkEnv
DA:72,7
DA:75,4
FN:75,SecureDeployHarness._confirmEnv
FNDA:4,SecureDeployHarness._confirmEnv
DA:76,4
DA:81,1
FN:81,SecureDeployDefaultHarness.exposedNewDeployConfigAddress
FNDA:1,SecureDeployDefaultHarness.exposedNewDeployConfigAddress
DA:82,1
DA:85,1
FN:85,SecureDeployDefaultHarness.exposedNetworkEnv
FNDA:1,SecureDeployDefaultHarness.exposedNetworkEnv
DA:86,1
DA:89,1
FN:89,SecureDeployDefaultHarness.exposedConfirmEnv
FNDA:1,SecureDeployDefaultHarness.exposedConfirmEnv
DA:90,1
FNF:15
FNH:15
LF:32
LH:32
BRF:0
BRH:0
end_of_record
TN:
SF:test/SecureSetup.t.sol
DA:11,5
FN:11,SecureSetupConfigFixture.constructor.0
FNDA:5,SecureSetupConfigFixture.constructor.0
DA:12,5
DA:15,17
FN:15,SecureSetupConfigFixture._deployTomlPath
FNDA:17,SecureSetupConfigFixture._deployTomlPath
DA:16,17
DA:26,8
FN:26,SecureSetupHarness.constructor.1
FNDA:8,SecureSetupHarness.constructor.1
DA:32,8
DA:33,8
DA:34,8
DA:35,8
DA:38,1
FN:38,SecureSetupHarness.exposedResolveConfig
FNDA:1,SecureSetupHarness.exposedResolveConfig
DA:42,1
DA:45,2
FN:45,SecureSetupHarness.exposedTryResolveRpcUrl
FNDA:2,SecureSetupHarness.exposedTryResolveRpcUrl
DA:49,2
DA:52,2
FN:52,SecureSetupHarness.exposedIsMainnet
FNDA:2,SecureSetupHarness.exposedIsMainnet
DA:57,2
DA:60,5
FN:60,SecureSetupHarness._newDeployConfig
FNDA:5,SecureSetupHarness._newDeployConfig
DA:61,5
DA:64,5
FN:64,SecureSetupHarness._networkEnv
FNDA:5,SecureSetupHarness._networkEnv
DA:65,5
DA:68,4
FN:68,SecureSetupHarness._resolveEnv
FNDA:4,SecureSetupHarness._resolveEnv
DA:74,4
BRDA:74,0,0,1
BRDA:74,0,1,3
DA:75,3
DA:80,1
FN:80,SecureSetupDefaultHarness.exposedNewDeployConfigAddress
FNDA:1,SecureSetupDefaultHarness.exposedNewDeployConfigAddress
DA:81,1
DA:84,1
FN:84,SecureSetupDefaultHarness.exposedNetworkEnv
FNDA:1,SecureSetupDefaultHarness.exposedNetworkEnv
DA:85,1
DA:88,1
FN:88,SecureSetupDefaultHarness.exposedResolveEnv
FNDA:1,SecureSetupDefaultHarness.exposedResolveEnv
DA:92,1
FNF:12
FNH:12
LF:28
LH:28
BRF:2
BRH:2
end_of_record
